AgricolaScorer/build/outputs/logs/manifest-merger-debug-report.txt
-- Merging decision tree log ---
manifest
ADDED from src\main\AndroidManifest.xml:2:1-73:12
	package
		ADDED from src\main\AndroidManifest.xml:3:5-42
		INJECTED from src\main\AndroidManifest.xml
		INJECTED from src\main\AndroidManifest.xml
	android:versionName
		ADDED from src\main\AndroidManifest.xml:5:5-31
		INJECTED from src\main\AndroidManifest.xml
		INJECTED from src\main\AndroidManifest.xml
	android:versionCode
		ADDED from src\main\AndroidManifest.xml:4:5-29
		INJECTED from src\main\AndroidManifest.xml
		INJECTED from src\main\AndroidManifest.xml
	xmlns:android
		ADDED from src\main\AndroidManifest.xml:2:11-69
uses-sdk
ADDED from src\main\AndroidManifest.xml:7:5-9:41
	android:targetSdkVersion
		ADDED from src\main\AndroidManifest.xml:9:9-38
		INJECTED from src\main\AndroidManifest.xml
		INJECTED from src\main\AndroidManifest.xml
	android:minSdkVersion
		ADDED from src\main\AndroidManifest.xml:8:9-35
		INJECTED from src\main\AndroidManifest.xml
		INJECTED from src\main\AndroidManifest.xml
uses-permission#android.permission.READ_CONTACTS
ADDED from src\main\AndroidManifest.xml:11:5-72
	android:name
		ADDED from src\main\AndroidManifest.xml:11:22-69
application
ADDED from src\main\AndroidManifest.xml:13:5-71:19
	android:label
		ADDED from src\main\AndroidManifest.xml:18:9-41
	android:hardwareAccelerated
		ADDED from src\main\AndroidManifest.xml:16:9-44
	android:allowBackup
		ADDED from src\main\AndroidManifest.xml:15:9-35
	android:icon
		ADDED from src\main\AndroidManifest.xml:17:9-39
	android:name
		ADDED from src\main\AndroidManifest.xml:14:9-71
activity#com.geeksong.agricolascorer.CreateGameActivity
ADDED from src\main\AndroidManifest.xml:19:9-28:20
	android:label
		ADDED from src\main\AndroidManifest.xml:21:13-45
	android:theme
		ADDED from src\main\AndroidManifest.xml:22:13-46
	android:name
		ADDED from src\main\AndroidManifest.xml:20:13-74
intent-filter#android.intent.action.MAIN+android.intent.category.LAUNCHER
ADDED from src\main\AndroidManifest.xml:23:13-27:29
action#android.intent.action.MAIN
ADDED from src\main\AndroidManifest.xml:24:17-69
	android:name
		ADDED from src\main\AndroidManifest.xml:24:25-66
category#android.intent.category.LAUNCHER
ADDED from src\main\AndroidManifest.xml:26:17-77
	android:name
		ADDED from src\main\AndroidManifest.xml:26:27-74
activity#com.geeksong.agricolascorer.AddPlayersActivity
ADDED from src\main\AndroidManifest.xml:29:9-33:20
	android:label
		ADDED from src\main\AndroidManifest.xml:31:13-63
	android:theme
		ADDED from src\main\AndroidManifest.xml:32:13-46
	android:name
		ADDED from src\main\AndroidManifest.xml:30:13-74
activity#com.geeksong.agricolascorer.ScorePlayersActivity
ADDED from src\main\AndroidManifest.xml:34:9-42:20
	android:theme
		ADDED from src\main\AndroidManifest.xml:36:13-58
	android:name
		ADDED from src\main\AndroidManifest.xml:35:13-76
intent-filter#android.intent.action.SEND+android.intent.category.DEFAULT
ADDED from src\main\AndroidManifest.xml:37:13-41:23
action#android.intent.action.SEND
ADDED from src\main\AndroidManifest.xml:38:5-57
	android:name
		ADDED from src\main\AndroidManifest.xml:38:13-54
category#android.intent.category.DEFAULT
ADDED from src\main\AndroidManifest.xml:39:5-64
	android:name
		ADDED from src\main\AndroidManifest.xml:39:15-61
data
ADDED from src\main\AndroidManifest.xml:40:5-36
	android:mimeType
		ADDED from src\main\AndroidManifest.xml:40:11-33
activity#com.geeksong.agricolascorer.FinishedActivity
ADDED from src\main\AndroidManifest.xml:43:9-46:20
	android:theme
		ADDED from src\main\AndroidManifest.xml:45:13-58
	android:name
		ADDED from src\main\AndroidManifest.xml:44:13-72
activity#com.geeksong.agricolascorer.HistoryActivity
ADDED from src\main\AndroidManifest.xml:47:9-50:20
	android:theme
		ADDED from src\main\AndroidManifest.xml:49:13-58
	android:name
		ADDED from src\main\AndroidManifest.xml:48:13-71
activity#com.geeksong.agricolascorer.PlayerListActivity
ADDED from src\main\AndroidManifest.xml:51:9-54:20
	android:theme
		ADDED from src\main\AndroidManifest.xml:53:13-58
	android:name
		ADDED from src\main\AndroidManifest.xml:52:13-74
activity#com.geeksong.agricolascorer.SearchStatisticsActivity
ADDED from src\main\AndroidManifest.xml:55:9-58:20
	android:theme
		ADDED from src\main\AndroidManifest.xml:57:13-46
	android:name
		ADDED from src\main\AndroidManifest.xml:56:13-80
activity#com.geeksong.agricolascorer.RandomizationActivity
ADDED from src\main\AndroidManifest.xml:59:9-62:20
	android:theme
		ADDED from src\main\AndroidManifest.xml:61:13-46
	android:name
		ADDED from src\main\AndroidManifest.xml:60:13-77
activity#com.geeksong.agricolascorer.StatisticsActivity
ADDED from src\main\AndroidManifest.xml:63:9-66:20
	android:theme
		ADDED from src\main\AndroidManifest.xml:65:13-46
	android:name
		ADDED from src\main\AndroidManifest.xml:64:13-74
activity#com.geeksong.agricolascorer.SettingsActivity
ADDED from src\main\AndroidManifest.xml:67:9-70:20
	android:theme
		ADDED from src\main\AndroidManifest.xml:69:13-55
	android:name
		ADDED from src\main\AndroidManifest.xml:68:13-72